<?xml version="1.0" encoding="UTF-8"?>
<testsuite xmlns:xsi="http://www.w3.org/2001/XMLSchema-instance" xsi:noNamespaceSchemaLocation="https://maven.apache.org/surefire/maven-surefire-plugin/xsd/surefire-test-report.xsd" name="TestSuite" time="85.835" tests="2" errors="0" skipped="0" failures="0">
  <properties>
[...]
</properties>
  <testcase name="merchBuyDashboardTest" classname="org.spaces.merchBuyDashboard" time="36.408"/>
  <testcase name="addProductToCartTest" classname="org.spaces.addProductToCart" time="43.274"/>
</testsuite>