<?xml version="1.0" encoding="UTF-8"?>
<testng-results ignored="0" total="2" passed="2" failed="0" skipped="0">
  <reporter-output>
  </reporter-output>
  <suite started-at="2021-04-13T12:51:02Z" name="MyShopTestSuite" finished-at="2021-04-13T12:52:21Z" duration-ms="79710">
    <groups>
    </groups>
    <test started-at="2021-04-13T12:51:02Z" name="Test" finished-at="2021-04-13T12:52:21Z" duration-ms="79710">
      <class name="org.spaces.merchBuyDashboard">
        <test-method signature="merchBuyDashboardTest()[pri:0, instance:org.spaces.merchBuyDashboard@66498326]" started-at="2021-04-13T13:51:02Z" name="merchBuyDashboardTest" finished-at="2021-04-13T13:51:38Z" duration-ms="36408" status="PASS">
          <reporter-output>
          </reporter-output>
        </test-method> <!-- merchBuyDashboardTest -->
      </class> <!-- org.spaces.merchBuyDashboard -->
      <class name="org.spaces.addProductToCart">
        <test-method signature="addProductToCartTest()[pri:0, instance:org.spaces.addProductToCart@b62d79]" started-at="2021-04-13T13:51:38Z" name="addProductToCartTest" finished-at="2021-04-13T13:52:21Z" duration-ms="43272" status="PASS">
          <reporter-output>
          </reporter-output>
        </test-method> <!-- addProductToCartTest -->
      </class> <!-- org.spaces.addProductToCart -->
    </test> <!-- Test -->
  </suite> <!-- MyShopTestSuite -->
</testng-results>
